<?xml version="1.0" encoding="UTF-8"?>
<!-- Generated by org.testng.reporters.JUnitReportReporter -->
<testsuite hostname="SENDOORAN" failures="0" tests="3" name="org.testng.Selecting3" time="5.634" errors="0" timestamp="18 Sep 2023 14:41:11 GMT" skipped="0">
  <testcase classname="org.testng.Selecting3" name="tc10" time="0.012"/>
  <testcase classname="org.testng.Selecting3" name="tc8" time="1.343"/>
  <testcase classname="org.testng.Selecting3" name="tc9" time="4.279"/>
</testsuite> <!-- org.testng.Selecting3 -->
