<?xml version="1.0" encoding="UTF-8"?>
<!-- Generated by org.testng.reporters.JUnitReportReporter -->
<testsuite hostname="SENDOORAN" failures="0" tests="3" name="org.testng.Selecting" time="9.381" errors="0" timestamp="18 Sep 2023 14:41:11 GMT" skipped="0">
  <testcase classname="org.testng.Selecting" name="tc3" time="1.150"/>
  <testcase classname="org.testng.Selecting" name="tc2" time="8.215"/>
  <testcase classname="org.testng.Selecting" name="tc1" time="0.016"/>
</testsuite> <!-- org.testng.Selecting -->
